  win_logger.cc
  testutil.cc
  testharness.cc
util\testharness.cc(37): warning C4996: 'getenv': This function or variable may be unsafe. Consider using _dupenv_s instead. To disable deprecation, use _CRT_SECURE_NO_WARNINGS. See online help for details.
  C:\Program Files (x86)\Windows Kits\10\Include\10.0.10240.0\ucrt\stdlib.h(1183): note: see declaration of 'getenv'
util\testharness.cc(68): warning C4996: 'getenv': This function or variable may be unsafe. Consider using _dupenv_s instead. To disable deprecation, use _CRT_SECURE_NO_WARNINGS. See online help for details.
  C:\Program Files (x86)\Windows Kits\10\Include\10.0.10240.0\ucrt\stdlib.h(1183): note: see declaration of 'getenv'
  status.cc
  options.cc
  logging.cc
  histogram.cc
  hash.cc
  env_boost.cc
util\env_boost.cc(118): warning C4996: 'strerror': This function or variable may be unsafe. Consider using strerror_s instead. To disable deprecation, use _CRT_SECURE_NO_WARNINGS. See online help for details.
  C:\Program Files (x86)\Windows Kits\10\Include\10.0.10240.0\ucrt\string.h(178): note: see declaration of 'strerror'
util\env_boost.cc(125): warning C4244: 'argument': conversion from 'uint64_t' to 'long', possible loss of data
util\env_boost.cc(126): warning C4996: 'strerror': This function or variable may be unsafe. Consider using strerror_s instead. To disable deprecation, use _CRT_SECURE_NO_WARNINGS. See online help for details.
  C:\Program Files (x86)\Windows Kits\10\Include\10.0.10240.0\ucrt\string.h(178): note: see declaration of 'strerror'
util\env_boost.cc(151): warning C4996: 'strerror': This function or variable may be unsafe. Consider using strerror_s instead. To disable deprecation, use _CRT_SECURE_NO_WARNINGS. See online help for details.
  C:\Program Files (x86)\Windows Kits\10\Include\10.0.10240.0\ucrt\string.h(178): note: see declaration of 'strerror'
util\env_boost.cc(163): warning C4996: 'strerror': This function or variable may be unsafe. Consider using strerror_s instead. To disable deprecation, use _CRT_SECURE_NO_WARNINGS. See online help for details.
  C:\Program Files (x86)\Windows Kits\10\Include\10.0.10240.0\ucrt\string.h(178): note: see declaration of 'strerror'
util\env_boost.cc(258): warning C4996: 'fopen': This function or variable may be unsafe. Consider using fopen_s instead. To disable deprecation, use _CRT_SECURE_NO_WARNINGS. See online help for details.
  C:\Program Files (x86)\Windows Kits\10\Include\10.0.10240.0\ucrt\stdio.h(205): note: see declaration of 'fopen'
util\env_boost.cc(261): warning C4996: 'strerror': This function or variable may be unsafe. Consider using strerror_s instead. To disable deprecation, use _CRT_SECURE_NO_WARNINGS. See online help for details.
  C:\Program Files (x86)\Windows Kits\10\Include\10.0.10240.0\ucrt\string.h(178): note: see declaration of 'strerror'
util\env_boost.cc(271): warning C4996: '_open': This function or variable may be unsafe. Consider using _sopen_s instead. To disable deprecation, use _CRT_SECURE_NO_WARNINGS. See online help for details.
  C:\Program Files (x86)\Windows Kits\10\Include\10.0.10240.0\ucrt\corecrt_io.h(388): note: see declaration of '_open'
util\env_boost.cc(277): warning C4996: 'strerror': This function or variable may be unsafe. Consider using strerror_s instead. To disable deprecation, use _CRT_SECURE_NO_WARNINGS. See online help for details.
  C:\Program Files (x86)\Windows Kits\10\Include\10.0.10240.0\ucrt\string.h(178): note: see declaration of 'strerror'
util\env_boost.cc(462): warning C4996: 'fopen': This function or variable may be unsafe. Consider using fopen_s instead. To disable deprecation, use _CRT_SECURE_NO_WARNINGS. See online help for details.
  C:\Program Files (x86)\Windows Kits\10\Include\10.0.10240.0\ucrt\stdio.h(205): note: see declaration of 'fopen'
util\env_boost.cc(465): warning C4996: 'strerror': This function or variable may be unsafe. Consider using strerror_s instead. To disable deprecation, use _CRT_SECURE_NO_WARNINGS. See online help for details.
  C:\Program Files (x86)\Windows Kits\10\Include\10.0.10240.0\ucrt\string.h(178): note: see declaration of 'strerror'
util\env_boost.cc(489): warning C4996: 'strerror': This function or variable may be unsafe. Consider using strerror_s instead. To disable deprecation, use _CRT_SECURE_NO_WARNINGS. See online help for details.
  C:\Program Files (x86)\Windows Kits\10\Include\10.0.10240.0\ucrt\string.h(178): note: see declaration of 'strerror'
util\env_boost.cc(580): error C2259: 'leveldb::`anonymous-namespace'::PosixEnv': cannot instantiate abstract class
  util\env_boost.cc(580): note: due to following members:
  util\env_boost.cc(580): note: 'leveldb::Status leveldb::Env::NewConcurrentWritableFile(const std::string &,leveldb::ConcurrentWritableFile **)': is abstract
  C:\Users\renbo\Desktop\LevelDB-master\leveldbNative\include\leveldb/env.h(72): note: see declaration of 'leveldb::Env::NewConcurrentWritableFile'
  util\env_boost.cc(580): note: 'leveldb::Status leveldb::Env::CopyFileA(const std::string &,const std::string &)': is abstract
  C:\Users\renbo\Desktop\LevelDB-master\leveldbNative\include\leveldb/env.h(101): note: see declaration of 'leveldb::Env::CopyFileA'
  util\env_boost.cc(580): note: 'leveldb::Status leveldb::Env::LinkFile(const std::string &,const std::string &)': is abstract
  C:\Users\renbo\Desktop\LevelDB-master\leveldbNative\include\leveldb/env.h(105): note: see declaration of 'leveldb::Env::LinkFile'
  env.cc
  crc32c.cc
  comparator.cc
  coding_test.cc
  coding.cc
  cache.cc
  atomic.cc
  arena.cc
util\arena.cc(119): warning C4244: 'argument': conversion from 'uint64_t' to 'std::size_t', possible loss of data
C:\Users\renbo\Desktop\LevelDB-master\leveldbNative\util/atomic.h(468): error C2065: '__asm__': undeclared identifier
  util\arena.cc(108): note: see reference to function template instantiation 'P *leveldb::atomic::compare_and_swap_ptr_fullbarrier<leveldb::Arena::Block>(P *volatile *,P *,P *)' being compiled
          with
          [
              P=leveldb::Arena::Block
          ]
C:\Users\renbo\Desktop\LevelDB-master\leveldbNative\util/atomic.h(468): error C2146: syntax error: missing ';' before identifier '__volatile__'
C:\Users\renbo\Desktop\LevelDB-master\leveldbNative\util/atomic.h(468): error C2059: syntax error: ':'
  two_level_iterator.cc
  table_builder.cc
  table.cc
  Generating Code...
  Compiling...
  merger.cc
table\merger.cc(175): warning C4099: 'leveldb::`anonymous-namespace'::HeapComparator': type name first seen using 'struct' now seen using 'class'
  table\merger.cc(18): note: see declaration of 'leveldb::`anonymous-namespace'::HeapComparator'
  iterator.cc
  format.cc
  filter_block.cc
table\filter_block.cc(105): warning C4018: '<=': signed/unsigned mismatch
  block_builder.cc
  block.cc
  sha1_portable.cc
  port_win.cc
  NativeLevelDB.cpp
  dllmain.cpp
  write_batch.cc
  version_set.cc
db\version_set.cc(74): warning C4068: unknown pragma
db\version_set.cc(75): warning C4068: unknown pragma
db\version_set.cc(97): warning C4068: unknown pragma
db\version_set.cc(700): warning C4068: unknown pragma
db\version_set.cc(701): warning C4068: unknown pragma
db\version_set.cc(724): warning C4068: unknown pragma
db\version_set.cc(764): warning C4244: '=': conversion from 'uint64_t' to 'int', possible loss of data
db\version_set.cc(838): warning C4068: unknown pragma
db\version_set.cc(839): warning C4068: unknown pragma
db\version_set.cc(869): warning C4068: unknown pragma
db\version_set.cc(990): warning C4822: 'leveldb::VersionSet::Recover::LogReporter::LogReporter': local class member function does not have a body
db\version_set.cc(991): warning C4822: 'leveldb::VersionSet::Recover::LogReporter::operator =': local class member function does not have a body
db\version_set.cc(1131): warning C4244: 'initializing': conversion from 'double' to 'uint64_t', possible loss of data
db\version_set.cc(1131): warning C4244: 'initializing': conversion from 'double' to 'const uint64_t', possible loss of data
db\version_set.cc(1333): warning C4099: 'leveldb::CompactionBoundary': type name first seen using 'class' now seen using 'struct'
  db\version_set.cc(1333): note: see declaration of 'leveldb::CompactionBoundary'
db\version_set.cc(1617): warning C4068: unknown pragma
db\version_set.cc(1618): warning C4068: unknown pragma
db\version_set.cc(1626): warning C4068: unknown pragma
  version_edit.cc
  table_cache.cc
  repair.cc
db\repair.cc(194): warning C4822: 'leveldb::`anonymous-namespace'::Repairer::ConvertLogToTable::LogReporter::LogReporter': local class member function does not have a body
db\repair.cc(195): warning C4822: 'leveldb::`anonymous-namespace'::Repairer::ConvertLogToTable::LogReporter::operator =': local class member function does not have a body
  memtable.cc
db\memtable.cc(36): warning C4244: 'return': conversion from 'uint64_t' to 'std::size_t', possible loss of data
  log_writer.cc
db\log_writer.cc(75): warning C4244: 'argument': conversion from 'const uint64_t' to 'std::size_t', possible loss of data
db\log_writer.cc(83): warning C4244: 'initializing': conversion from 'uint64_t' to 'std::size_t', possible loss of data
db\log_writer.cc(83): warning C4244: 'initializing': conversion from 'uint64_t' to 'const std::size_t', possible loss of data
  log_reader.cc
db\log_reader.cc(51): warning C4244: 'argument': conversion from 'uint64_t' to 'std::size_t', possible loss of data
  filename.cc
  extensions.cc
C:\Users\renbo\Desktop\LevelDB-master\leveldbNative\include\leveldb/extensions.h(14): error C2733: 'leveldb_free': second C linkage of overloaded function not allowed
  c:\users\renbo\desktop\leveldb-master\leveldbnative\include\leveldb\c.h(278): note: see declaration of 'leveldb_free'
  Generating Code...
  Compiling...
  db_iter.cc
db\db_iter.cc(6): error C4430: missing type specifier - int assumed. Note: C++ does not support default-int
db\db_iter.cc(6): error C2146: syntax error: missing ';' before identifier 'ssize_t'
C:\Program Files (x86)\Windows Kits\8.1\Include\shared\basetsd.h(416): error C2371: 'SSIZE_T': redefinition; different basic types
  db\db_iter.cc(6): note: see declaration of 'SSIZE_T'
db\db_iter.cc(117): error C3646: 'RandomPeriod': unknown override specifier
db\db_iter.cc(117): error C2059: syntax error: '('
db\db_iter.cc(117): error C2334: unexpected token(s) preceding '{'; skipping apparent function body
db\db_iter.cc(133): error C3646: 'bytes_counter_': unknown override specifier
db\db_iter.cc(133): error C4430: missing type specifier - int assumed. Note: C++ does not support default-int
db\db_iter.cc(134): error C3646: 'tombstones_counter_': unknown override specifier
db\db_iter.cc(134): error C4430: missing type specifier - int assumed. Note: C++ does not support default-int
db\db_iter.cc(67): error C3861: 'RandomPeriod': identifier not found
db\db_iter.cc(68): error C2614: 'leveldb::`anonymous-namespace'::DBIter': illegal member initialization: 'bytes_counter_' is not a base or member
db\db_iter.cc(68): error C2614: 'leveldb::`anonymous-namespace'::DBIter': illegal member initialization: 'tombstones_counter_' is not a base or member
db\db_iter.cc(143): error C2146: syntax error: missing ';' before identifier 'n'
db\db_iter.cc(143): error C2065: 'n': undeclared identifier
db\db_iter.cc(144): error C2065: 'bytes_counter_': undeclared identifier
db\db_iter.cc(144): error C2065: 'n': undeclared identifier
db\db_iter.cc(145): error C2065: 'bytes_counter_': undeclared identifier
db\db_iter.cc(146): error C2065: 'bytes_counter_': undeclared identifier
db\db_iter.cc(146): error C3861: 'RandomPeriod': identifier not found
db\db_iter.cc(155): error C2065: 'tombstones_counter_': undeclared identifier
db\db_iter.cc(156): error C2065: 'tombstones_counter_': undeclared identifier
db\db_iter.cc(158): error C2065: 'tombstones_counter_': undeclared identifier
  db_impl.cc
db\db_impl.cc(487): warning C4822: 'leveldb::DBImpl::RecoverLogFile::LogReporter::LogReporter': local class member function does not have a body
db\db_impl.cc(488): warning C4822: 'leveldb::DBImpl::RecoverLogFile::LogReporter::operator =': local class member function does not have a body
db\db_impl.cc(1683): warning C4244: 'argument': conversion from 'uint64_t' to 'int', possible loss of data
  dbformat.cc
  c.cc
db\c.cc(23): warning C4068: unknown pragma
db\c.cc(24): warning C4068: unknown pragma
db\c.cc(130): warning C4800: 'unsigned char': forcing value to bool 'true' or 'false' (performance warning)
db\c.cc(145): warning C4996: 'strdup': The POSIX name for this item is deprecated. Instead, use the ISO C and C++ conformant name: _strdup. See online help for details.
  C:\Program Files (x86)\Windows Kits\10\Include\10.0.10240.0\ucrt\string.h(552): note: see declaration of 'strdup'
db\c.cc(150): warning C4996: 'strdup': The POSIX name for this item is deprecated. Instead, use the ISO C and C++ conformant name: _strdup. See online help for details.
  C:\Program Files (x86)\Windows Kits\10\Include\10.0.10240.0\ucrt\string.h(552): note: see declaration of 'strdup'
db\c.cc(256): warning C4996: 'strdup': The POSIX name for this item is deprecated. Instead, use the ISO C and C++ conformant name: _strdup. See online help for details.
  C:\Program Files (x86)\Windows Kits\10\Include\10.0.10240.0\ucrt\string.h(552): note: see declaration of 'strdup'
db\c.cc(419): warning C4800: 'unsigned char': forcing value to bool 'true' or 'false' (performance warning)
db\c.cc(424): warning C4800: 'unsigned char': forcing value to bool 'true' or 'false' (performance warning)
db\c.cc(429): warning C4800: 'unsigned char': forcing value to bool 'true' or 'false' (performance warning)
db\c.cc(544): warning C4800: 'unsigned char': forcing value to bool 'true' or 'false' (performance warning)
db\c.cc(549): warning C4800: 'unsigned char': forcing value to bool 'true' or 'false' (performance warning)
db\c.cc(568): warning C4800: 'unsigned char': forcing value to bool 'true' or 'false' (performance warning)
db\c.cc(608): warning C4068: unknown pragma
  builder.cc
  Generating Code...
